e:\mfc_serialport\mfc_serialport\debug\mfc_serialport.pch
e:\mfc_serialport\mfc_serialport\debug\vc140.pdb
e:\mfc_serialport\mfc_serialport\debug\vc140.idb
e:\mfc_serialport\mfc_serialport\debug\stdafx.obj
e:\mfc_serialport\mfc_serialport\debug\mfc_serialport.obj
e:\mfc_serialport\mfc_serialport\debug\mfc_serialportdlg.obj
e:\mfc_serialport\mfc_serialport\debug\mscomm1.obj
e:\mfc_serialport\mfc_serialport\debug\mfc_serialport.res
e:\mfc_serialport\mfc_serialport\debug\mfc_serialportdlg.new.obj.enc
e:\mfc_serialport\debug\mfc_serialport.pdb
e:\mfc_serialport\debug\mfc_serialport.ilk
e:\mfc_serialport\mfc_serialport\debug\mfc_serialport.tlog\cl.command.1.tlog
e:\mfc_serialport\mfc_serialport\debug\mfc_serialport.tlog\cl.read.1.tlog
e:\mfc_serialport\mfc_serialport\debug\mfc_serialport.tlog\cl.write.1.tlog
e:\mfc_serialport\mfc_serialport\debug\mfc_serialport.tlog\link.command.1.tlog
e:\mfc_serialport\mfc_serialport\debug\mfc_serialport.tlog\link.read.1.tlog
e:\mfc_serialport\mfc_serialport\debug\mfc_serialport.tlog\link.write.1.tlog
e:\mfc_serialport\mfc_serialport\debug\mfc_serialport.tlog\rc.command.1.tlog
e:\mfc_serialport\mfc_serialport\debug\mfc_serialport.tlog\rc.read.1.tlog
e:\mfc_serialport\mfc_serialport\debug\mfc_serialport.tlog\rc.write.1.tlog
